<?xml version="1.0" encoding="UTF-8"?>
<!-- Generated by org.testng.reporters.JUnitReportReporter -->
<testsuite skipped="0" hostname="SAMITHA4092" name="LoginT" tests="1" failures="0" timestamp="26 Oct 2018 05:23:31 GMT" time="5.970" errors="0">
  <testcase name="ValidLogin" time="5.970" classname="LoginT"/>
</testsuite> <!-- LoginT -->
